<?xml version="1.0" encoding="UTF-8"?>
<testsuite xmlns:xsi="http://www.w3.org/2001/XMLSchema-instance" xsi:noNamespaceSchemaLocation="https://maven.apache.org/surefire/maven-surefire-plugin/xsd/surefire-test-report-3.0.xsd" version="3.0" name="com.example.AppTest" time="0.002" tests="1" errors="0" skipped="0" failures="0">
  <properties>
    <property name="java.specification.version" value="22"/>
    <property name="sun.jnu.encoding" value="UTF-8"/>
    <property name="java.class.path" value="/Users/jsystem.admin/StudioProjects/spring-sample/todo-myBatis/target/test-classes:/Users/jsystem.admin/StudioProjects/spring-sample/todo-myBatis/target/classes:/Users/jsystem.admin/.m2/repository/org/mybatis/mybatis-spring/3.0.3/mybatis-spring-3.0.3.jar:/Users/jsystem.admin/.m2/repository/org/mybatis/mybatis/3.5.9/mybatis-3.5.9.jar:/Users/jsystem.admin/.m2/repository/org/springframework/spring-context/6.0.0/spring-context-6.0.0.jar:/Users/jsystem.admin/.m2/repository/org/springframework/spring-aop/6.0.0/spring-aop-6.0.0.jar:/Users/jsystem.admin/.m2/repository/org/springframework/spring-beans/6.0.0/spring-beans-6.0.0.jar:/Users/jsystem.admin/.m2/repository/org/springframework/spring-core/6.0.0/spring-core-6.0.0.jar:/Users/jsystem.admin/.m2/repository/org/springframework/spring-jcl/6.0.0/spring-jcl-6.0.0.jar:/Users/jsystem.admin/.m2/repository/org/springframework/spring-expression/6.0.0/spring-expression-6.0.0.jar:/Users/jsystem.admin/.m2/repository/org/springframework/spring-webmvc/6.0.0/spring-webmvc-6.0.0.jar:/Users/jsystem.admin/.m2/repository/org/springframework/spring-web/6.0.0/spring-web-6.0.0.jar:/Users/jsystem.admin/.m2/repository/io/micrometer/micrometer-observation/1.10.0/micrometer-observation-1.10.0.jar:/Users/jsystem.admin/.m2/repository/io/micrometer/micrometer-commons/1.10.0/micrometer-commons-1.10.0.jar:/Users/jsystem.admin/.m2/repository/org/springframework/spring-jdbc/6.0.0/spring-jdbc-6.0.0.jar:/Users/jsystem.admin/.m2/repository/org/springframework/spring-tx/6.0.0/spring-tx-6.0.0.jar:/Users/jsystem.admin/.m2/repository/jakarta/servlet/jakarta.servlet-api/6.0.0/jakarta.servlet-api-6.0.0.jar:/Users/jsystem.admin/.m2/repository/jakarta/servlet/jsp/jakarta.servlet.jsp-api/3.0.0/jakarta.servlet.jsp-api-3.0.0.jar:/Users/jsystem.admin/.m2/repository/org/projectlombok/lombok/1.18.34/lombok-1.18.34.jar:/Users/jsystem.admin/.m2/repository/com/h2database/h2/2.1.210/h2-2.1.210.jar:/Users/jsystem.admin/.m2/repository/junit/junit/4.12/junit-4.12.jar:/Users/jsystem.admin/.m2/repository/org/hamcrest/hamcrest-core/1.3/hamcrest-core-1.3.jar:/Users/jsystem.admin/.m2/repository/org/junit/jupiter/junit-jupiter-api/5.10.3/junit-jupiter-api-5.10.3.jar:/Users/jsystem.admin/.m2/repository/org/opentest4j/opentest4j/1.3.0/opentest4j-1.3.0.jar:/Users/jsystem.admin/.m2/repository/org/junit/platform/junit-platform-commons/1.10.3/junit-platform-commons-1.10.3.jar:/Users/jsystem.admin/.m2/repository/org/apiguardian/apiguardian-api/1.1.2/apiguardian-api-1.1.2.jar:/Users/jsystem.admin/.m2/repository/jakarta/xml/bind/jakarta.xml.bind-api/4.0.2/jakarta.xml.bind-api-4.0.2.jar:/Users/jsystem.admin/.m2/repository/jakarta/activation/jakarta.activation-api/2.1.3/jakarta.activation-api-2.1.3.jar:/Users/jsystem.admin/.m2/repository/org/assertj/assertj-core/3.26.0/assertj-core-3.26.0.jar:/Users/jsystem.admin/.m2/repository/net/bytebuddy/byte-buddy/1.14.16/byte-buddy-1.14.16.jar:/Users/jsystem.admin/.m2/repository/org/dom4j/dom4j/2.1.4/dom4j-2.1.4.jar:/Users/jsystem.admin/.m2/repository/jakarta/el/jakarta.el-api/6.0.0/jakarta.el-api-6.0.0.jar:/Users/jsystem.admin/.m2/repository/org/mockito/mockito-core/4.5.1/mockito-core-4.5.1.jar:/Users/jsystem.admin/.m2/repository/net/bytebuddy/byte-buddy-agent/1.12.9/byte-buddy-agent-1.12.9.jar:/Users/jsystem.admin/.m2/repository/org/objenesis/objenesis/3.2/objenesis-3.2.jar:/Users/jsystem.admin/.m2/repository/org/springframework/spring-test/6.0.0/spring-test-6.0.0.jar:"/>
    <property name="java.vm.vendor" value="Homebrew"/>
    <property name="sun.arch.data.model" value="64"/>
    <property name="java.vendor.url" value="https://github.com/Homebrew/homebrew-core/issues"/>
    <property name="user.timezone" value="Asia/Tokyo"/>
    <property name="os.name" value="Mac OS X"/>
    <property name="java.vm.specification.version" value="22"/>
    <property name="sun.java.launcher" value="SUN_STANDARD"/>
    <property name="user.country" value="JP"/>
    <property name="sun.boot.library.path" value="/opt/homebrew/Cellar/openjdk/22.0.1/libexec/openjdk.jdk/Contents/Home/lib"/>
    <property name="sun.java.command" value="/Users/jsystem.admin/StudioProjects/spring-sample/todo-myBatis/target/surefire/surefirebooter-20240717113620179_3.jar /Users/jsystem.admin/StudioProjects/spring-sample/todo-myBatis/target/surefire 2024-07-17T11-36-20_123-jvmRun1 surefire-20240717113620179_1tmp surefire_0-20240717113620179_2tmp"/>
    <property name="http.nonProxyHosts" value="local|*.local|169.254/16|*.169.254/16|127.0.0.1:3000|*.127.0.0.1:3000"/>
    <property name="jdk.debug" value="release"/>
    <property name="surefire.test.class.path" value="/Users/jsystem.admin/StudioProjects/spring-sample/todo-myBatis/target/test-classes:/Users/jsystem.admin/StudioProjects/spring-sample/todo-myBatis/target/classes:/Users/jsystem.admin/.m2/repository/org/mybatis/mybatis-spring/3.0.3/mybatis-spring-3.0.3.jar:/Users/jsystem.admin/.m2/repository/org/mybatis/mybatis/3.5.9/mybatis-3.5.9.jar:/Users/jsystem.admin/.m2/repository/org/springframework/spring-context/6.0.0/spring-context-6.0.0.jar:/Users/jsystem.admin/.m2/repository/org/springframework/spring-aop/6.0.0/spring-aop-6.0.0.jar:/Users/jsystem.admin/.m2/repository/org/springframework/spring-beans/6.0.0/spring-beans-6.0.0.jar:/Users/jsystem.admin/.m2/repository/org/springframework/spring-core/6.0.0/spring-core-6.0.0.jar:/Users/jsystem.admin/.m2/repository/org/springframework/spring-jcl/6.0.0/spring-jcl-6.0.0.jar:/Users/jsystem.admin/.m2/repository/org/springframework/spring-expression/6.0.0/spring-expression-6.0.0.jar:/Users/jsystem.admin/.m2/repository/org/springframework/spring-webmvc/6.0.0/spring-webmvc-6.0.0.jar:/Users/jsystem.admin/.m2/repository/org/springframework/spring-web/6.0.0/spring-web-6.0.0.jar:/Users/jsystem.admin/.m2/repository/io/micrometer/micrometer-observation/1.10.0/micrometer-observation-1.10.0.jar:/Users/jsystem.admin/.m2/repository/io/micrometer/micrometer-commons/1.10.0/micrometer-commons-1.10.0.jar:/Users/jsystem.admin/.m2/repository/org/springframework/spring-jdbc/6.0.0/spring-jdbc-6.0.0.jar:/Users/jsystem.admin/.m2/repository/org/springframework/spring-tx/6.0.0/spring-tx-6.0.0.jar:/Users/jsystem.admin/.m2/repository/jakarta/servlet/jakarta.servlet-api/6.0.0/jakarta.servlet-api-6.0.0.jar:/Users/jsystem.admin/.m2/repository/jakarta/servlet/jsp/jakarta.servlet.jsp-api/3.0.0/jakarta.servlet.jsp-api-3.0.0.jar:/Users/jsystem.admin/.m2/repository/org/projectlombok/lombok/1.18.34/lombok-1.18.34.jar:/Users/jsystem.admin/.m2/repository/com/h2database/h2/2.1.210/h2-2.1.210.jar:/Users/jsystem.admin/.m2/repository/junit/junit/4.12/junit-4.12.jar:/Users/jsystem.admin/.m2/repository/org/hamcrest/hamcrest-core/1.3/hamcrest-core-1.3.jar:/Users/jsystem.admin/.m2/repository/org/junit/jupiter/junit-jupiter-api/5.10.3/junit-jupiter-api-5.10.3.jar:/Users/jsystem.admin/.m2/repository/org/opentest4j/opentest4j/1.3.0/opentest4j-1.3.0.jar:/Users/jsystem.admin/.m2/repository/org/junit/platform/junit-platform-commons/1.10.3/junit-platform-commons-1.10.3.jar:/Users/jsystem.admin/.m2/repository/org/apiguardian/apiguardian-api/1.1.2/apiguardian-api-1.1.2.jar:/Users/jsystem.admin/.m2/repository/jakarta/xml/bind/jakarta.xml.bind-api/4.0.2/jakarta.xml.bind-api-4.0.2.jar:/Users/jsystem.admin/.m2/repository/jakarta/activation/jakarta.activation-api/2.1.3/jakarta.activation-api-2.1.3.jar:/Users/jsystem.admin/.m2/repository/org/assertj/assertj-core/3.26.0/assertj-core-3.26.0.jar:/Users/jsystem.admin/.m2/repository/net/bytebuddy/byte-buddy/1.14.16/byte-buddy-1.14.16.jar:/Users/jsystem.admin/.m2/repository/org/dom4j/dom4j/2.1.4/dom4j-2.1.4.jar:/Users/jsystem.admin/.m2/repository/jakarta/el/jakarta.el-api/6.0.0/jakarta.el-api-6.0.0.jar:/Users/jsystem.admin/.m2/repository/org/mockito/mockito-core/4.5.1/mockito-core-4.5.1.jar:/Users/jsystem.admin/.m2/repository/net/bytebuddy/byte-buddy-agent/1.12.9/byte-buddy-agent-1.12.9.jar:/Users/jsystem.admin/.m2/repository/org/objenesis/objenesis/3.2/objenesis-3.2.jar:/Users/jsystem.admin/.m2/repository/org/springframework/spring-test/6.0.0/spring-test-6.0.0.jar:"/>
    <property name="sun.cpu.endian" value="little"/>
    <property name="user.home" value="/Users/jsystem.admin"/>
    <property name="user.language" value="ja"/>
    <property name="java.specification.vendor" value="Oracle Corporation"/>
    <property name="java.version.date" value="2024-04-16"/>
    <property name="java.home" value="/opt/homebrew/Cellar/openjdk/22.0.1/libexec/openjdk.jdk/Contents/Home"/>
    <property name="file.separator" value="/"/>
    <property name="basedir" value="/Users/jsystem.admin/StudioProjects/spring-sample/todo-myBatis"/>
    <property name="java.vm.compressedOopsMode" value="Zero based"/>
    <property name="line.separator" value="&#10;"/>
    <property name="java.vm.specification.vendor" value="Oracle Corporation"/>
    <property name="java.specification.name" value="Java Platform API Specification"/>
    <property name="apple.awt.application.name" value="ForkedBooter"/>
    <property name="surefire.real.class.path" value="/Users/jsystem.admin/StudioProjects/spring-sample/todo-myBatis/target/surefire/surefirebooter-20240717113620179_3.jar"/>
    <property name="sun.management.compiler" value="HotSpot 64-Bit Tiered Compilers"/>
    <property name="ftp.nonProxyHosts" value="local|*.local|169.254/16|*.169.254/16|127.0.0.1:3000|*.127.0.0.1:3000"/>
    <property name="java.runtime.version" value="22.0.1"/>
    <property name="user.name" value="jsystem.admin"/>
    <property name="stdout.encoding" value="UTF-8"/>
    <property name="path.separator" value=":"/>
    <property name="os.version" value="14.5"/>
    <property name="java.runtime.name" value="OpenJDK Runtime Environment"/>
    <property name="file.encoding" value="UTF-8"/>
    <property name="java.vm.name" value="OpenJDK 64-Bit Server VM"/>
    <property name="java.vendor.version" value="Homebrew"/>
    <property name="localRepository" value="/Users/jsystem.admin/.m2/repository"/>
    <property name="java.vendor.url.bug" value="https://github.com/Homebrew/homebrew-core/issues"/>
    <property name="java.io.tmpdir" value="/var/folders/kl/79ss2rtj18jd5cn61rpjk1vc0000gn/T/"/>
    <property name="java.version" value="22.0.1"/>
    <property name="user.dir" value="/Users/jsystem.admin/StudioProjects/spring-sample/todo-myBatis"/>
    <property name="os.arch" value="aarch64"/>
    <property name="java.vm.specification.name" value="Java Virtual Machine Specification"/>
    <property name="native.encoding" value="UTF-8"/>
    <property name="java.library.path" value="/Users/jsystem.admin/Library/Java/Extensions:/Library/Java/Extensions:/Network/Library/Java/Extensions:/System/Library/Java/Extensions:/usr/lib/java:."/>
    <property name="java.vm.info" value="mixed mode, sharing"/>
    <property name="stderr.encoding" value="UTF-8"/>
    <property name="java.vendor" value="Homebrew"/>
    <property name="java.vm.version" value="22.0.1"/>
    <property name="sun.io.unicode.encoding" value="UnicodeBig"/>
    <property name="socksNonProxyHosts" value="local|*.local|169.254/16|*.169.254/16|127.0.0.1:3000|*.127.0.0.1:3000"/>
    <property name="java.class.version" value="66.0"/>
  </properties>
  <testcase name="testApp" classname="com.example.AppTest" time="0.001"/>
</testsuite>